#
# There is insufficient memory for the Java Runtime Environment to continue.
# Native memory allocation (malloc) failed to allocate 1048576 bytes for AllocateHeap
# Possible reasons:
#   The system is out of physical RAM or swap space
#   The process is running with CompressedOops enabled, and the Java Heap may be blocking the growth of the native heap
# Possible solutions:
#   Reduce memory load on the system
#   Increase physical memory or swap space
#   Check if swap backing store is full
#   Decrease Java heap size (-Xmx/-Xms)
#   Decrease number of Java threads
#   Decrease Java thread stack sizes (-Xss)
#   Set larger code cache with -XX:ReservedCodeCacheSize=
#   JVM is running with Unscaled Compressed Oops mode in which the Java heap is
#     placed in the first 4GB address space. The Java Heap base address is the
#     maximum limit for the native heap growth. Please use -XX:HeapBaseMinAddress
#     to set the Java Heap base and to place the Java Heap above 4GB virtual address.
# This output file may be truncated or incomplete.
#
#  Out of Memory Error (allocation.cpp:44), pid=11564, tid=25416
#
# JRE version:  (17.0.9+9) (build )
# Java VM: OpenJDK 64-Bit Server VM (17.0.9+9, mixed mode, sharing, tiered, compressed oops, compressed class ptrs, g1 gc, windows-amd64)
# No core dump will be written. Minidumps are not enabled by default on client versions of Windows
#

---------------  S U M M A R Y ------------

Command Line: -Dfile.encoding=UTF-8 -Dstdout.encoding=UTF-8 -Dstderr.encoding=UTF-8 -XX:+ShowCodeDetailsInExceptionMessages com.selenium.Seleniumbegin

Host: AMD Ryzen 3 3250U with Radeon Graphics         , 4 cores, 3G,  Windows 11 , 64 bit Build 22621 (10.0.22621.2506)
Time: Sat Jan 27 14:06:21 2024 India Standard Time elapsed time: 0.039715 seconds (0d 0h 0m 0s)

---------------  T H R E A D  ---------------

Current thread (0x000002cbcc62e0f0):  JavaThread "Unknown thread" [_thread_in_vm, id=25416, stack(0x000000d8e3c00000,0x000000d8e3d00000)]

Stack: [0x000000d8e3c00000,0x000000d8e3d00000]
Native frames: (J=compiled Java code, j=interpreted, Vv=VM code, C=native code)
V  [jvm.dll+0x67cf49]
V  [jvm.dll+0x83478a]
V  [jvm.dll+0x83624e]
V  [jvm.dll+0x8368b3]
V  [jvm.dll+0x247f1f]
V  [jvm.dll+0xa6b4b]
V  [jvm.dll+0x2da614]
V  [jvm.dll+0x805ffc]
V  [jvm.dll+0x36cf31]
V  [jvm.dll+0x7e4aac]
V  [jvm.dll+0x3f07af]
V  [jvm.dll+0x3f23e1]
C  [jli.dll+0x528f]
C  [ucrtbase.dll+0x29363]
C  [KERNEL32.DLL+0x1257d]
C  [ntdll.dll+0x5aa58]


---------------  P R O C E S S  ---------------

Threads class SMR info:
_java_thread_list=0x00007ffa4295ee98, length=0, elements={
}

Java Threads: ( => current thread )

Other Threads:

=>0x000002cbcc62e0f0 (exited) JavaThread "Unknown thread" [_thread_in_vm, id=25416, stack(0x000000d8e3c00000,0x000000d8e3d00000)]

Threads with active compile tasks:

VM state: not at safepoint (not fully initialized)

VM Mutex/Monitor currently owned by a thread: None

Heap address: 0x0000000000000000, size: 0 MB, Compressed Oops mode: 32-bit

CDS archive(s) mapped at: [0x0000000000000000-0x0000000000000000-0x0000000000000000), size 0, SharedBaseAddress: 0x0000000800000000, ArchiveRelocationMode: 1.
Narrow klass base: 0x0000000000000000, Narrow klass shift: 0, Narrow klass range: 0x0

GC Precious Log:
<Empty>

GC Heap History (0 events):
No events

Dll operation events (1 events):
Event: 0.023 Loaded shared library C:\Users\ABINESH\.p2\pool\plugins\org.eclipse.justj.openjdk.hotspot.jre.full.win32.x86_64_17.0.9.v20231028-0858\jre\bin\java.dll

Deoptimization events (0 events):
No events

Classes unloaded (0 events):
No events

Classes redefined (0 events):
No events

Internal exceptions (0 events):
No events

VM Operations (0 events):
No events

Events (0 events):
No events


Dynamic libraries:
0x00007ff7cb050000 - 0x00007ff7cb05e000 	C:\Users\ABINESH\.p2\pool\plugins\org.eclipse.justj.openjdk.hotspot.jre.full.win32.x86_64_17.0.9.v20231028-0858\jre\bin\javaw.exe
0x00007ffa87110000 - 0x00007ffa87327000 	C:\WINDOWS\SYSTEM32\ntdll.dll
0x00007ffa855d0000 - 0x00007ffa85694000 	C:\WINDOWS\System32\KERNEL32.DLL
0x00007ffa84ab0000 - 0x00007ffa84e56000 	C:\WINDOWS\System32\KERNELBASE.dll
0x00007ffa84920000 - 0x00007ffa84a31000 	C:\WINDOWS\System32\ucrtbase.dll
0x00007ffa81670000 - 0x00007ffa81687000 	C:\Users\ABINESH\.p2\pool\plugins\org.eclipse.justj.openjdk.hotspot.jre.full.win32.x86_64_17.0.9.v20231028-0858\jre\bin\jli.dll
0x00007ffa856a0000 - 0x00007ffa8584e000 	C:\WINDOWS\System32\USER32.dll
0x00007ffa848f0000 - 0x00007ffa84916000 	C:\WINDOWS\System32\win32u.dll
0x00007ffa85080000 - 0x00007ffa850a9000 	C:\WINDOWS\System32\GDI32.dll
0x00007ffa845c0000 - 0x00007ffa846d8000 	C:\WINDOWS\System32\gdi32full.dll
0x00007ffa846e0000 - 0x00007ffa8477a000 	C:\WINDOWS\System32\msvcp_win.dll
0x00007ffa7baa0000 - 0x00007ffa7babb000 	C:\Users\ABINESH\.p2\pool\plugins\org.eclipse.justj.openjdk.hotspot.jre.full.win32.x86_64_17.0.9.v20231028-0858\jre\bin\VCRUNTIME140.dll
0x00007ffa74300000 - 0x00007ffa74593000 	C:\WINDOWS\WinSxS\amd64_microsoft.windows.common-controls_6595b64144ccf1df_6.0.22621.2506_none_270c5ae97388e100\COMCTL32.dll
0x00007ffa86bf0000 - 0x00007ffa86c97000 	C:\WINDOWS\System32\msvcrt.dll
0x00007ffa84e60000 - 0x00007ffa84e91000 	C:\WINDOWS\System32\IMM32.DLL
0x00007ffa81610000 - 0x00007ffa8161c000 	C:\Users\ABINESH\.p2\pool\plugins\org.eclipse.justj.openjdk.hotspot.jre.full.win32.x86_64_17.0.9.v20231028-0858\jre\bin\vcruntime140_1.dll
0x00007ffa69dd0000 - 0x00007ffa69e5d000 	C:\Users\ABINESH\.p2\pool\plugins\org.eclipse.justj.openjdk.hotspot.jre.full.win32.x86_64_17.0.9.v20231028-0858\jre\bin\msvcp140.dll
0x00007ffa41e30000 - 0x00007ffa42a91000 	C:\Users\ABINESH\.p2\pool\plugins\org.eclipse.justj.openjdk.hotspot.jre.full.win32.x86_64_17.0.9.v20231028-0858\jre\bin\server\jvm.dll
0x00007ffa85850000 - 0x00007ffa85903000 	C:\WINDOWS\System32\ADVAPI32.dll
0x00007ffa85520000 - 0x00007ffa855c8000 	C:\WINDOWS\System32\sechost.dll
0x00007ffa84510000 - 0x00007ffa84538000 	C:\WINDOWS\System32\bcrypt.dll
0x00007ffa86fa0000 - 0x00007ffa870b7000 	C:\WINDOWS\System32\RPCRT4.dll
0x00007ffa84320000 - 0x00007ffa8436d000 	C:\WINDOWS\SYSTEM32\POWRPROF.dll
0x00007ffa7b2c0000 - 0x00007ffa7b2c9000 	C:\WINDOWS\SYSTEM32\WSOCK32.dll
0x00007ffa85910000 - 0x00007ffa85981000 	C:\WINDOWS\System32\WS2_32.dll
0x00007ffa7d060000 - 0x00007ffa7d094000 	C:\WINDOWS\SYSTEM32\WINMM.dll
0x00007ffa7d0a0000 - 0x00007ffa7d0aa000 	C:\WINDOWS\SYSTEM32\VERSION.dll
0x00007ffa84300000 - 0x00007ffa84313000 	C:\WINDOWS\SYSTEM32\UMPDC.dll
0x00007ffa83480000 - 0x00007ffa83498000 	C:\WINDOWS\SYSTEM32\kernel.appcore.dll
0x00007ffa7b2b0000 - 0x00007ffa7b2ba000 	C:\Users\ABINESH\.p2\pool\plugins\org.eclipse.justj.openjdk.hotspot.jre.full.win32.x86_64_17.0.9.v20231028-0858\jre\bin\jimage.dll
0x00007ffa78f30000 - 0x00007ffa79163000 	C:\WINDOWS\SYSTEM32\DBGHELP.DLL
0x00007ffa85180000 - 0x00007ffa85509000 	C:\WINDOWS\System32\combase.dll
0x00007ffa864d0000 - 0x00007ffa865a7000 	C:\WINDOWS\System32\OLEAUT32.dll
0x00007ffa60a50000 - 0x00007ffa60a82000 	C:\WINDOWS\SYSTEM32\dbgcore.DLL
0x00007ffa84540000 - 0x00007ffa845ba000 	C:\WINDOWS\System32\bcryptPrimitives.dll
0x00007ffa7b280000 - 0x00007ffa7b2a5000 	C:\Users\ABINESH\.p2\pool\plugins\org.eclipse.justj.openjdk.hotspot.jre.full.win32.x86_64_17.0.9.v20231028-0858\jre\bin\java.dll

dbghelp: loaded successfully - version: 4.0.5 - missing functions: none
symbol engine: initialized successfully - sym options: 0x614 - pdb path: .;C:\Users\ABINESH\.p2\pool\plugins\org.eclipse.justj.openjdk.hotspot.jre.full.win32.x86_64_17.0.9.v20231028-0858\jre\bin;C:\WINDOWS\SYSTEM32;C:\WINDOWS\WinSxS\amd64_microsoft.windows.common-controls_6595b64144ccf1df_6.0.22621.2506_none_270c5ae97388e100;C:\Users\ABINESH\.p2\pool\plugins\org.eclipse.justj.openjdk.hotspot.jre.full.win32.x86_64_17.0.9.v20231028-0858\jre\bin\server

VM Arguments:
jvm_args: -Dfile.encoding=UTF-8 -Dstdout.encoding=UTF-8 -Dstderr.encoding=UTF-8 -XX:+ShowCodeDetailsInExceptionMessages 
java_command: com.selenium.Seleniumbegin
java_class_path (initial): C:\Users\ABINESH\OneDrive\Desktop\Mahesh P\BookCart\target\test-classes;C:\Users\ABINESH\OneDrive\Desktop\Mahesh P\BookCart\target\classes;C:\Users\ABINESH\.m2\repository\org\seleniumhq\selenium\selenium-java\4.16.1\selenium-java-4.16.1.jar;C:\Users\ABINESH\.m2\repository\org\seleniumhq\selenium\selenium-api\4.16.1\selenium-api-4.16.1.jar;C:\Users\ABINESH\.m2\repository\org\seleniumhq\selenium\selenium-chrome-driver\4.16.1\selenium-chrome-driver-4.16.1.jar;C:\Users\ABINESH\.m2\repository\com\google\auto\service\auto-service-annotations\1.1.1\auto-service-annotations-1.1.1.jar;C:\Users\ABINESH\.m2\repository\org\seleniumhq\selenium\selenium-chromium-driver\4.16.1\selenium-chromium-driver-4.16.1.jar;C:\Users\ABINESH\.m2\repository\org\seleniumhq\selenium\selenium-json\4.16.1\selenium-json-4.16.1.jar;C:\Users\ABINESH\.m2\repository\org\seleniumhq\selenium\selenium-manager\4.16.1\selenium-manager-4.16.1.jar;C:\Users\ABINESH\.m2\repository\org\seleniumhq\selenium\selenium-devtools-v118\4.16.1\selenium-devtools-v118-4.16.1.jar;C:\Users\ABINESH\.m2\repository\org\seleniumhq\selenium\selenium-devtools-v119\4.16.1\selenium-devtools-v119-4.16.1.jar;C:\Users\ABINESH\.m2\repository\org\seleniumhq\selenium\selenium-devtools-v120\4.16.1\selenium-devtools-v120-4.16.1.jar;C:\Users\ABINESH\.m2\repository\org\seleniumhq\selenium\selenium-devtools-v85\4.16.1\selenium-devtools-v85-4.16.1.jar;C:\Users\ABINESH\.m2\repository\org\seleniumhq\selenium\selenium-edge-driver\4.16.1\selenium-edge-driver-4.16.1.jar;C:\Users\ABINESH\.m2\repository\org\seleniumhq\selenium\selenium-firefox-driver\4.16.1\selenium-firefox-driver-4.16.1.jar;C:\Users\ABINESH\.m2\repository\org\seleniumhq\selenium\selenium-http\4.16.1\selenium-http-4.16.1.jar;C:\Users\ABINESH\.m2\repository\dev\failsafe\failsafe\3.3.2\failsafe-3.3.2.jar;C:\Users\ABINESH\.m2\repository\org\seleniumhq\selenium\selenium-ie-driver\4.16.1\selenium-ie-driver-4.16.1.jar;C:\Users\ABINESH\.m2\repository\org\seleniumh
Launcher Type: SUN_STANDARD

[Global flags]
     intx CICompilerCount                          = 3                                         {product} {ergonomic}
     uint ConcGCThreads                            = 1                                         {product} {ergonomic}
     uint G1ConcRefinementThreads                  = 4                                         {product} {ergonomic}
   size_t G1HeapRegionSize                         = 1048576                                   {product} {ergonomic}
    uintx GCDrainStackTargetSize                   = 64                                        {product} {ergonomic}
   size_t InitialHeapSize                          = 58720256                                  {product} {ergonomic}
   size_t MarkStackSize                            = 4194304                                   {product} {ergonomic}
   size_t MaxHeapSize                              = 910163968                                 {product} {ergonomic}
   size_t MinHeapDeltaBytes                        = 1048576                                   {product} {ergonomic}
   size_t MinHeapSize                              = 8388608                                   {product} {ergonomic}
    uintx NonNMethodCodeHeapSize                   = 5832780                                {pd product} {ergonomic}
    uintx NonProfiledCodeHeapSize                  = 122912730                              {pd product} {ergonomic}
    uintx ProfiledCodeHeapSize                     = 122912730                              {pd product} {ergonomic}
    uintx ReservedCodeCacheSize                    = 251658240                              {pd product} {ergonomic}
     bool SegmentedCodeCache                       = true                                      {product} {ergonomic}
     bool ShowCodeDetailsInExceptionMessages       = true                                   {manageable} {command line}
   size_t SoftMaxHeapSize                          = 910163968                              {manageable} {ergonomic}
     bool UseCompressedClassPointers               = true                           {product lp64_product} {ergonomic}
     bool UseCompressedOops                        = true                           {product lp64_product} {ergonomic}
     bool UseG1GC                                  = true                                      {product} {ergonomic}
     bool UseLargePagesIndividualAllocation        = false                                  {pd product} {ergonomic}

Logging:
Log output configuration:
 #0: stdout all=warning uptime,level,tags
 #1: stderr all=off uptime,level,tags

Environment Variables:
PATH=C:/Users/ABINESH/.p2/pool/plugins/org.eclipse.justj.openjdk.hotspot.jre.full.win32.x86_64_17.0.9.v20231028-0858/jre/bin/server;C:/Users/ABINESH/.p2/pool/plugins/org.eclipse.justj.openjdk.hotspot.jre.full.win32.x86_64_17.0.9.v20231028-0858/jre/bin;C:\Program Files (x86)\Common Files\Oracle\Java\javapath;C:\oraclexe\app\oracle\product\10.2.0\server\bin;C:\WINDOWS\system32;C:\WINDOWS;C:\WINDOWS\System32\Wbem;C:\WINDOWS\System32\WindowsPowerShell\v1.0\;C:\WINDOWS\System32\OpenSSH\;C:\Program Files\dotnet\;C:\Users\ABINESH\AppData\Local\Android\Sdk\platform-tools;C:\Users\ABINESH\AppData\Local\Programs\Python;C:\Users\ABINESH\AppData\Local\Programs\Python\Python310\Scripts\;C:\Users\ABINESH\AppData\Local\Programs\Python\Python310\;C:\Users\ABINESH\AppData\Local\Microsoft\WindowsApps;C:\Users\ABINESH\AppData\Local\GitHubDesktop\bin;C:\Users\ABINESH\OneDrive\Desktop;
USERNAME=ABINESH
OS=Windows_NT
PROCESSOR_IDENTIFIER=AMD64 Family 23 Model 24 Stepping 1, AuthenticAMD
TMP=C:\Users\ABINESH\AppData\Local\Temp
TEMP=C:\Users\ABINESH\AppData\Local\Temp



Periodic native trim disabled


---------------  S Y S T E M  ---------------

OS:
 Windows 11 , 64 bit Build 22621 (10.0.22621.2506)
OS uptime: 7 days 22:51 hours

CPU: total 4 (initial active 4) (4 cores per cpu, 2 threads per core) family 23 model 24 stepping 1 microcode 0x0, cx8, cmov, fxsr, ht, mmx, 3dnowpref, sse, sse2, sse3, ssse3, sse4a, sse4.1, sse4.2, popcnt, lzcnt, tsc, tscinvbit, avx, avx2, aes, clmul, bmi1, bmi2, adx, sha, fma, vzeroupper, clflush, clflushopt
Processor Information for all 4 processors :
  Max Mhz: 2600, Current Mhz: 2600, Mhz Limit: 2600

Memory: 4k page, system-wide physical 3470M (18M free)
TotalPageFile size 14222M (AvailPageFile size 6M)
current process WorkingSet (physical memory assigned to process): 10M, peak: 10M
current process commit charge ("private bytes"): 11M, peak: 12M

vm_info: OpenJDK 64-Bit Server VM (17.0.9+9) for windows-amd64 JRE (17.0.9+9), built on Oct 26 2023 14:01:42 by "admin" with MS VC++ 16.10 / 16.11 (VS2019)

END.
